<?xml version="1.0" encoding="UTF-8"?>
<!-- Generated by org.testng.reporters.JUnitReportReporter -->
<testsuite hostname="DESKTOP-VTKAFG9" failures="0" tests="1" name="com.google.GoogleTest" time="2.739" errors="0" timestamp="05 Jun 2021 13:58:01 GMT" skipped="0">
  <testcase classname="com.google.GoogleTest" name="f" time="2.739"/>
</testsuite> <!-- com.google.GoogleTest -->
